make all --print-data-base --no-builtin-variables --no-builtin-rules --question
make: *** No rule to make target 'all'.  Stop.

# GNU Make 4.3
# Built for x86_64-pc-linux-gnu
# Copyright (C) 1988-2020 Free Software Foundation, Inc.
# License GPLv3+: GNU GPL version 3 or later <http://gnu.org/licenses/gpl.html>
# This is free software: you are free to change and redistribute it.
# There is NO WARRANTY, to the extent permitted by law.

# Make data base, printed on Fri Oct 21 10:23:42 2022

# Variables

# environment
GDK_BACKEND = x11
# environment
LC_ALL = C
# environment
GTK_RC_FILES = /etc/gtk/gtkrc:/home/des/.gtkrc:/home/des/.config/gtkrc
# environment
VSCODE_CWD = /home/des
# default
MAKE_COMMAND := make
# environment
QT_ACCESSIBILITY = 1
# automatic
@D = $(patsubst %/,%,$(dir $@))
# makefile (from 'Makefile', line 1)
BINAIRE = prog
# environment
VSCODE_HANDLES_UNCAUGHT_ERRORS = true
# default
.VARIABLES := 
# environment
PWD = /home/des/Documents/CS351/Chapitre_5/PostFixe
# automatic
%D = $(patsubst %/,%,$(dir $%))
# environment
XDG_DATA_DIRS = /home/des/.local/share/flatpak/exports/share:/var/lib/flatpak/exports/share:/usr/local/share:/usr/share
# automatic
^D = $(patsubst %/,%,$(dir $^))
# automatic
%F = $(notdir $%)
# environment
VSCODE_CODE_CACHE_PATH = /home/des/.config/Code/CachedData/d045a5eda657f4d7b676dedbfa7aab8207f8a075
# environment
XDG_SESSION_PATH = /org/freedesktop/DisplayManager/Session1
# environment
LANG = C
# environment
XAUTHORITY = /home/des/.Xauthority
# default
.LOADED := 
# default
.INCLUDE_DIRS = /usr/local/include /usr/include /usr/include
# makefile
MAKEFLAGS = pqrR
# makefile
CURDIR := /home/des/Documents/CS351/Chapitre_5/PostFixe
# environment
APPLICATION_INSIGHTS_NO_DIAGNOSTIC_CHANNEL = 1
# automatic
*D = $(patsubst %/,%,$(dir $*))
# environment
PAM_KWALLET5_LOGIN = /run/user/1000/kwallet5.socket
# environment
MFLAGS = -pqrR
# environment
SSH_AUTH_SOCK = /tmp/ssh-SbJfCKtEKkii/agent.1220
# default
.SHELLFLAGS := -c
# automatic
+D = $(patsubst %/,%,$(dir $+))
# environment
XCURSOR_THEME = breeze_cursors
# environment
XDG_SESSION_DESKTOP = KDE
# makefile (from 'Makefile', line 1)
MAKEFILE_LIST := Makefile
# automatic
@F = $(notdir $@)
# environment
VSCODE_PID = 2598
# environment
XDG_SESSION_TYPE = x11
# automatic
?D = $(patsubst %/,%,$(dir $?))
# environment
SESSION_MANAGER = local/MSI:@/tmp/.ICE-unix/1369,unix/MSI:/tmp/.ICE-unix/1369
# automatic
*F = $(notdir $*)
# environment
CHROME_DESKTOP = code-url-handler.desktop
# environment
DBUS_SESSION_BUS_ADDRESS = unix:path=/run/user/1000/bus
# automatic
<D = $(patsubst %/,%,$(dir $<))
# environment
VSCODE_NLS_CONFIG = {"locale":"fr","availableLanguages":{"*":"fr"},"_languagePackId":"e9da4af53d2b453c3602a5ac49079ec7.fr","_translationsConfigFile":"/home/des/.config/Code/clp/e9da4af53d2b453c3602a5ac49079ec7.fr/tcf.json","_cacheRoot":"/home/des/.config/Code/clp/e9da4af53d2b453c3602a5ac49079ec7.fr","_resolvedLanguagePackCoreLocation":"/home/des/.config/Code/clp/e9da4af53d2b453c3602a5ac49079ec7.fr/d045a5eda657f4d7b676dedbfa7aab8207f8a075","_corruptedFile":"/home/des/.config/Code/clp/e9da4af53d2b453c3602a5ac49079ec7.fr/corrupted.info","_languagePackSupport":true}
# default
MAKE_HOST := x86_64-pc-linux-gnu
# makefile
SHELL = /bin/sh
# default
MAKECMDGOALS := all
# environment
PLATFORMIO_CALLER = vscode
# environment
SHLVL = 0
# environment
MAKELEVEL := 0
# default
MAKE = $(MAKE_COMMAND)
# environment
PATH = /home/des/.local/bin:/usr/local/bin:/usr/bin:/bin:/usr/local/games:/usr/games
# default
MAKEFILES := 
# environment
LANGUAGE = 
# automatic
^F = $(notdir $^)
# environment
QSYS_ROOTDIR = /home/des/intelFPGA_lite/21.1/quartus/sopc_builder/bin
# automatic
?F = $(notdir $?)
# environment
KDE_APPLICATIONS_AS_SCOPE = 1
# environment
XDG_SEAT = seat0
# environment
NO_PROXY = 127.0.0.1
# environment
XDG_CURRENT_DESKTOP = KDE
# environment
LS_COLORS = 
# automatic
+F = $(notdir $+)
# environment
XDG_SEAT_PATH = /org/freedesktop/DisplayManager/Seat0
# environment
DESKTOP_SESSION = plasma
# environment
ORIGINAL_XDG_CURRENT_DESKTOP = KDE
# 'override' directive
GNUMAKEFLAGS := 
# makefile (from 'Makefile', line 3)
OBJETS = compil/main.o compil/pile.o
# environment
LOGNAME = des
# environment
PLATFORMIO_PATH = /home/des/.platformio/penv/bin:/home/des/.platformio/penv:/home/des/.platformio/python3/bin:/home/des/.local/bin:/usr/local/bin:/usr/bin:/bin:/usr/local/games:/usr/games
# environment
XDG_VTNR = 7
# makefile
.DEFAULT_GOAL := prog
# environment
DISPLAY = :0
# environment
USER = des
# environment
GTK_MODULES = gail:atk-bridge
# default
MAKE_VERSION := 4.3
# environment
KDE_SESSION_UID = 1000
# environment
SSH_AGENT_PID = 1269
# environment
_ = /usr/share/code/code
# environment
XDG_RUNTIME_DIR = /run/user/1000
# makefile (from 'Makefile', line 5)
CFLAGS = -g -Wall -lm -std=c99
# environment
GPG_AGENT_INFO = /run/user/1000/gnupg/S.gpg-agent:0:1
# environment
XDG_SESSION_CLASS = user
# environment
VSCODE_AMD_ENTRYPOINT = vs/workbench/api/node/extensionHostProcess
# environment
PLATFORMIO_IDE = 2.5.4
# environment
GTK2_RC_FILES = /etc/gtk-2.0/gtkrc:/home/des/.gtkrc-2.0:/home/des/.config/gtkrc-2.0
# environment
HOME = /home/des
# environment
ELECTRON_RUN_AS_NODE = 1
# environment
VSCODE_IPC_HOOK = /run/user/1000/vscode-90dd6277-1.72.2-main.sock
# environment
XDG_SESSION_ID = 3
# environment
XCURSOR_SIZE = 24
# default
.RECIPEPREFIX := 
# automatic
<F = $(notdir $<)
# default
SUFFIXES := 
# environment
QT_AUTO_SCREEN_SCALE_FACTOR = 0
# environment
KDE_SESSION_VERSION = 5
# default
.FEATURES := target-specific order-only second-expansion else-if shortest-stem undefine oneshell nocomment grouped-target extra-prereqs archives jobserver output-sync check-symlink load
# makefile (from 'Makefile', line 7)
CC = gcc
# environment
KDE_FULL_SESSION = true
# variable set hash-table stats:
# Load=98/1024=10%, Rehash=0, Collisions=2/129=2%

# Pattern-specific Variable Values

# No pattern-specific variable values.

# Directories

# . (device 66310, inode 1327886): 8 files, no impossibilities.

# 8 files, no impossibilities in 1 directories.

# Implicit Rules

# No implicit rules.

# Files

# Not a target:
src/pile.c:
#  Implicit rule search has not been done.
#  Modification time never checked.
#  File has not been updated.

prog: compil/main.o compil/pile.o
#  Implicit rule search has not been done.
#  Modification time never checked.
#  File has not been updated.
#  recipe to execute (from 'Makefile', line 10):
	$(CC) -o $(BINAIRE) $(OBJETS) $(CFLAGS)

make:
#  Implicit rule search has not been done.
#  Modification time never checked.
#  File has not been updated.
#  recipe to execute (from 'Makefile', line 19):
	rm -rf compil/*.o
	make prog

compil/pile.o: src/pile.c includes/pile.h
#  Implicit rule search has not been done.
#  Modification time never checked.
#  File has not been updated.
#  recipe to execute (from 'Makefile', line 16):
	$(CC) -o compil/pile.o -c src/pile.c $(CFLAGS)

# Not a target:
Makefile:
#  Implicit rule search has been done.
#  Last modified 2022-10-21 10:23:40.674993694
#  File has been updated.
#  Successfully updated.

compil/main.o: src/main.c includes/pile.h
#  Implicit rule search has not been done.
#  Modification time never checked.
#  File has not been updated.
#  recipe to execute (from 'Makefile', line 13):
	$(CC) -o compil/main.o -c src/main.c $(CFLAGS)

# Not a target:
src/main.c:
#  Implicit rule search has not been done.
#  Modification time never checked.
#  File has not been updated.

# Not a target:
.DEFAULT:
#  Implicit rule search has not been done.
#  Modification time never checked.
#  File has not been updated.

# Not a target:
all:
#  Command line target.
#  Implicit rule search has been done.
#  File does not exist.
#  File has not been updated.

run:
#  Implicit rule search has not been done.
#  Modification time never checked.
#  File has not been updated.
#  recipe to execute (from 'Makefile', line 23):
	rm -rf compil/*.o
	make prog
	clear
	./prog

# Not a target:
includes/pile.h:
#  Implicit rule search has not been done.
#  Modification time never checked.
#  File has not been updated.

# files hash-table stats:
# Load=12/1024=1%, Rehash=0, Collisions=0/30=0%
# VPATH Search Paths

# No 'vpath' search paths.
 

# No general ('VPATH' variable) search path.

# strcache buffers: 1 (0) / strings = 20 / storage = 177 B / avg = 8 B
# current buf: size = 8162 B / used = 177 B / count = 20 / avg = 8 B

# strcache performance: lookups = 33 / hit rate = 39%
# hash-table stats:
# Load=20/8192=0%, Rehash=0, Collisions=0/33=0%
# Finished Make data base on Fri Oct 21 10:23:42 2022

 
